
> vibe-generated-app@1.0.0 dev
> vite


  VITE v5.4.20  ready in 256 ms

  ➜  Local:   http://localhost:3000/
  ➜  Network: http://172.20.1.144:3000/
4:53:27 PM [vite] Pre-transform error: Transform failed with 1 error:
/home/workspace/src/components/Projects.jsx:24:73: ERROR: Unterminated string literal
4:53:30 PM [vite] Internal server error: Transform failed with 1 error:
/home/workspace/src/components/Projects.jsx:24:73: ERROR: Unterminated string literal
  Plugin: vite:esbuild
  File: /home/workspace/src/components/Projects.jsx:24:73
  
  Unterminated string literal
  22 |      title: 'Quasar ID',
  23 |      tag: 'Identity',
  24 |      desc: 'Frictionless auth with passkeys and zero-knowledge provenance.
     |                                                                           ^
  25 |  ',
  26 |      accent: 'from-emerald-300/20 to-emerald-600/10',
  
      at failureErrorWithLog (/home/workspace/node_modules/esbuild/lib/main.js:1472:15)
      at /home/workspace/node_modules/esbuild/lib/main.js:755:50
      at responseCallbacks.<computed> (/home/workspace/node_modules/esbuild/lib/main.js:622:9)
      at handleIncomingPacket (/home/workspace/node_modules/esbuild/lib/main.js:677:12)
      at Socket.readFromStdout (/home/workspace/node_modules/esbuild/lib/main.js:600:7)
      at Socket.emit (node:events:508:28)
      at addChunk (node:internal/streams/readable:559:12)
      at readableAddChunkPushByteMode (node:internal/streams/readable:510:3)
      at Readable.push (node:internal/streams/readable:390:5)
      at Pipe.onStreamRead (node:internal/stream_base_commons:189:23)
